<?xml version="1.0" encoding="UTF-8"?>
<testng-results ignored="0" total="10" passed="9" failed="1" skipped="0">
  <reporter-output>
  </reporter-output>
  <suite started-at="2022-06-02T14:12:04 IST" name="HybridFramework" finished-at="2022-06-02T14:14:54 IST" duration-ms="170595">
    <groups>
    </groups>
    <test started-at="2022-06-02T14:12:04 IST" name="HomePage Test" finished-at="2022-06-02T14:14:54 IST" duration-ms="170595">
      <class name="com.mindtree.TestCases.TC_ViewCustomerStories">
        <test-method is-config="true" signature="setup(java.lang.String)[pri:0, instance:com.mindtree.TestCases.TC_ViewCustomerStories@273e7444]" started-at="2022-06-02T14:14:44 IST" name="setup" finished-at="2022-06-02T14:14:51 IST" duration-ms="7114" status="PASS">
          <params>
            <param index="0">
              <value>
                <![CDATA[chrome]]>
              </value>
            </param>
          </params>
          <reporter-output>
          </reporter-output>
        </test-method> <!-- setup -->
        <test-method signature="viewcusstories()[pri:0, instance:com.mindtree.TestCases.TC_ViewCustomerStories@273e7444]" started-at="2022-06-02T14:14:51 IST" name="viewcusstories" finished-at="2022-06-02T14:14:53 IST" duration-ms="2158" status="PASS">
          <reporter-output>
          </reporter-output>
        </test-method> <!-- viewcusstories -->
        <test-method is-config="true" signature="tearDown()[pri:0, instance:com.mindtree.TestCases.TC_ViewCustomerStories@273e7444]" started-at="2022-06-02T14:14:53 IST" name="tearDown" finished-at="2022-06-02T14:14:54 IST" duration-ms="900" status="PASS">
          <reporter-output>
          </reporter-output>
        </test-method> <!-- tearDown -->
      </class> <!-- com.mindtree.TestCases.TC_ViewCustomerStories -->
      <class name="com.mindtree.TestCases.TC_HomePage">
        <test-method is-config="true" signature="setup(java.lang.String)[pri:0, instance:com.mindtree.TestCases.TC_HomePage@4b0d79fc]" started-at="2022-06-02T14:12:08 IST" name="setup" finished-at="2022-06-02T14:12:43 IST" duration-ms="35086" status="PASS">
          <params>
            <param index="0">
              <value>
                <![CDATA[chrome]]>
              </value>
            </param>
          </params>
          <reporter-output>
          </reporter-output>
        </test-method> <!-- setup -->
        <test-method signature="homePage()[pri:0, instance:com.mindtree.TestCases.TC_HomePage@4b0d79fc]" started-at="2022-06-02T14:12:43 IST" name="homePage" finished-at="2022-06-02T14:12:47 IST" duration-ms="3142" status="PASS">
          <reporter-output>
          </reporter-output>
        </test-method> <!-- homePage -->
        <test-method is-config="true" signature="tearDown()[pri:0, instance:com.mindtree.TestCases.TC_HomePage@4b0d79fc]" started-at="2022-06-02T14:12:47 IST" name="tearDown" finished-at="2022-06-02T14:12:50 IST" duration-ms="2950" status="PASS">
          <reporter-output>
          </reporter-output>
        </test-method> <!-- tearDown -->
      </class> <!-- com.mindtree.TestCases.TC_HomePage -->
      <class name="com.mindtree.TestCases.TC_TVUnits">
        <test-method is-config="true" signature="setup(java.lang.String)[pri:0, instance:com.mindtree.TestCases.TC_TVUnits@506ae4d4]" started-at="2022-06-02T14:14:02 IST" name="setup" finished-at="2022-06-02T14:14:09 IST" duration-ms="6897" status="PASS">
          <params>
            <param index="0">
              <value>
                <![CDATA[chrome]]>
              </value>
            </param>
          </params>
          <reporter-output>
          </reporter-output>
        </test-method> <!-- setup -->
        <test-method signature="tvUnits()[pri:0, instance:com.mindtree.TestCases.TC_TVUnits@506ae4d4]" started-at="2022-06-02T14:14:09 IST" name="tvUnits" finished-at="2022-06-02T14:14:12 IST" duration-ms="3066" status="PASS">
          <reporter-output>
          </reporter-output>
        </test-method> <!-- tvUnits -->
        <test-method is-config="true" signature="tearDown()[pri:0, instance:com.mindtree.TestCases.TC_TVUnits@506ae4d4]" started-at="2022-06-02T14:14:12 IST" name="tearDown" finished-at="2022-06-02T14:14:14 IST" duration-ms="1662" status="PASS">
          <reporter-output>
          </reporter-output>
        </test-method> <!-- tearDown -->
      </class> <!-- com.mindtree.TestCases.TC_TVUnits -->
      <class name="com.mindtree.TestCases.TC_GiftCard">
        <test-method is-config="true" signature="setup(java.lang.String)[pri:0, instance:com.mindtree.TestCases.TC_GiftCard@13fd2ccd]" started-at="2022-06-02T14:13:26 IST" name="setup" finished-at="2022-06-02T14:13:35 IST" duration-ms="8858" status="PASS">
          <params>
            <param index="0">
              <value>
                <![CDATA[chrome]]>
              </value>
            </param>
          </params>
          <reporter-output>
          </reporter-output>
        </test-method> <!-- setup -->
        <test-method signature="giftCard()[pri:0, instance:com.mindtree.TestCases.TC_GiftCard@13fd2ccd]" started-at="2022-06-02T14:13:35 IST" name="giftCard" finished-at="2022-06-02T14:13:39 IST" duration-ms="4077" status="PASS">
          <reporter-output>
          </reporter-output>
        </test-method> <!-- giftCard -->
        <test-method is-config="true" signature="tearDown()[pri:0, instance:com.mindtree.TestCases.TC_GiftCard@13fd2ccd]" started-at="2022-06-02T14:13:39 IST" name="tearDown" finished-at="2022-06-02T14:13:40 IST" duration-ms="961" status="PASS">
          <reporter-output>
          </reporter-output>
        </test-method> <!-- tearDown -->
      </class> <!-- com.mindtree.TestCases.TC_GiftCard -->
      <class name="com.mindtree.TestCases.TC_FeesAndPayment">
        <test-method is-config="true" signature="setup(java.lang.String)[pri:0, instance:com.mindtree.TestCases.TC_FeesAndPayment@52b1beb6]" started-at="2022-06-02T14:14:34 IST" name="setup" finished-at="2022-06-02T14:14:41 IST" duration-ms="7118" status="PASS">
          <params>
            <param index="0">
              <value>
                <![CDATA[chrome]]>
              </value>
            </param>
          </params>
          <reporter-output>
          </reporter-output>
        </test-method> <!-- setup -->
        <test-method signature="aboutUs()[pri:0, instance:com.mindtree.TestCases.TC_FeesAndPayment@52b1beb6]" started-at="2022-06-02T14:14:41 IST" name="aboutUs" finished-at="2022-06-02T14:14:43 IST" duration-ms="1938" status="PASS">
          <reporter-output>
          </reporter-output>
        </test-method> <!-- aboutUs -->
        <test-method is-config="true" signature="tearDown()[pri:0, instance:com.mindtree.TestCases.TC_FeesAndPayment@52b1beb6]" started-at="2022-06-02T14:14:43 IST" name="tearDown" finished-at="2022-06-02T14:14:44 IST" duration-ms="789" status="PASS">
          <reporter-output>
          </reporter-output>
        </test-method> <!-- tearDown -->
      </class> <!-- com.mindtree.TestCases.TC_FeesAndPayment -->
      <class name="com.mindtree.TestCases.TC_AboutUs">
        <test-method is-config="true" signature="setup(java.lang.String)[pri:0, instance:com.mindtree.TestCases.TC_AboutUs@53aac487]" started-at="2022-06-02T14:14:24 IST" name="setup" finished-at="2022-06-02T14:14:31 IST" duration-ms="6616" status="PASS">
          <params>
            <param index="0">
              <value>
                <![CDATA[chrome]]>
              </value>
            </param>
          </params>
          <reporter-output>
          </reporter-output>
        </test-method> <!-- setup -->
        <test-method signature="aboutUs()[pri:0, instance:com.mindtree.TestCases.TC_AboutUs@53aac487]" started-at="2022-06-02T14:14:31 IST" name="aboutUs" finished-at="2022-06-02T14:14:33 IST" duration-ms="2319" status="PASS">
          <reporter-output>
          </reporter-output>
        </test-method> <!-- aboutUs -->
        <test-method is-config="true" signature="tearDown()[pri:0, instance:com.mindtree.TestCases.TC_AboutUs@53aac487]" started-at="2022-06-02T14:14:33 IST" name="tearDown" finished-at="2022-06-02T14:14:34 IST" duration-ms="816" status="PASS">
          <reporter-output>
          </reporter-output>
        </test-method> <!-- tearDown -->
      </class> <!-- com.mindtree.TestCases.TC_AboutUs -->
      <class name="com.mindtree.TestCases.TC_LoginPage">
        <test-method is-config="true" signature="setup(java.lang.String)[pri:0, instance:com.mindtree.TestCases.TC_LoginPage@6bd61f98]" started-at="2022-06-02T14:12:50 IST" name="setup" finished-at="2022-06-02T14:12:59 IST" duration-ms="9651" status="PASS">
          <params>
            <param index="0">
              <value>
                <![CDATA[chrome]]>
              </value>
            </param>
          </params>
          <reporter-output>
          </reporter-output>
        </test-method> <!-- setup -->
        <test-method signature="loginpage()[pri:0, instance:com.mindtree.TestCases.TC_LoginPage@6bd61f98]" started-at="2022-06-02T14:12:59 IST" name="loginpage" finished-at="2022-06-02T14:13:00 IST" duration-ms="484" status="FAIL">
          <exception class="org.openqa.selenium.NoSuchWindowException">
            <message>
              <![CDATA[no such window: target window already closed
from unknown error: web view not found
  (Session info: chrome=101.0.4951.67)
Build info: version: '3.141.59', revision: 'e82be7d358', time: '2018-11-14T08:17:03'
System info: host: 'LAPTOP-MB120P1M', ip: '192.168.43.232', os.name: 'Windows 10', os.arch: 'amd64', os.version: '10.0', java.version: '11.0.15'
Driver info: org.openqa.selenium.chrome.ChromeDriver
Capabilities {acceptInsecureCerts: false, browserName: chrome, browserVersion: 101.0.4951.67, chrome: {chromedriverVersion: 100.0.4896.60 (6a5d10861ce8..., userDataDir: C:\Users\sachi\AppData\Loca...}, goog:chromeOptions: {debuggerAddress: localhost:64716}, javascriptEnabled: true, networkConnectionEnabled: false, pageLoadStrategy: normal, platform: WINDOWS, platformName: WINDOWS, proxy: Proxy(), setWindowRect: true, strictFileInteractability: false, timeouts: {implicit: 0, pageLoad: 300000, script: 30000}, unhandledPromptBehavior: dismiss and notify, webauthn:extension:credBlob: true, webauthn:extension:largeBlob: true, webauthn:virtualAuthenticators: true}
Session ID: d8bb98345b2492aaba9d74d9c391bd6c]]>
            </message>
            <full-stacktrace>
              <![CDATA[org.openqa.selenium.NoSuchWindowException: no such window: target window already closed
from unknown error: web view not found
  (Session info: chrome=101.0.4951.67)
Build info: version: '3.141.59', revision: 'e82be7d358', time: '2018-11-14T08:17:03'
System info: host: 'LAPTOP-MB120P1M', ip: '192.168.43.232', os.name: 'Windows 10', os.arch: 'amd64', os.version: '10.0', java.version: '11.0.15'
Driver info: org.openqa.selenium.chrome.ChromeDriver
Capabilities {acceptInsecureCerts: false, browserName: chrome, browserVersion: 101.0.4951.67, chrome: {chromedriverVersion: 100.0.4896.60 (6a5d10861ce8..., userDataDir: C:\Users\sachi\AppData\Loca...}, goog:chromeOptions: {debuggerAddress: localhost:64716}, javascriptEnabled: true, networkConnectionEnabled: false, pageLoadStrategy: normal, platform: WINDOWS, platformName: WINDOWS, proxy: Proxy(), setWindowRect: true, strictFileInteractability: false, timeouts: {implicit: 0, pageLoad: 300000, script: 30000}, unhandledPromptBehavior: dismiss and notify, webauthn:extension:credBlob: true, webauthn:extension:largeBlob: true, webauthn:virtualAuthenticators: true}
Session ID: d8bb98345b2492aaba9d74d9c391bd6c
at java.base/jdk.internal.reflect.NativeConstructorAccessorImpl.newInstance0(Native Method)
at java.base/jdk.internal.reflect.NativeConstructorAccessorImpl.newInstance(NativeConstructorAccessorImpl.java:62)
at java.base/jdk.internal.reflect.DelegatingConstructorAccessorImpl.newInstance(DelegatingConstructorAccessorImpl.java:45)
at java.base/java.lang.reflect.Constructor.newInstance(Constructor.java:490)
at org.openqa.selenium.remote.http.W3CHttpResponseCodec.createException(W3CHttpResponseCodec.java:187)
at org.openqa.selenium.remote.http.W3CHttpResponseCodec.decode(W3CHttpResponseCodec.java:122)
at org.openqa.selenium.remote.http.W3CHttpResponseCodec.decode(W3CHttpResponseCodec.java:49)
at org.openqa.selenium.remote.HttpCommandExecutor.execute(HttpCommandExecutor.java:158)
at org.openqa.selenium.remote.service.DriverCommandExecutor.execute(DriverCommandExecutor.java:83)
at org.openqa.selenium.remote.RemoteWebDriver.execute(RemoteWebDriver.java:552)
at org.openqa.selenium.remote.RemoteWebDriver.execute(RemoteWebDriver.java:609)
at org.openqa.selenium.remote.RemoteWebDriver$RemoteWebDriverOptions$RemoteWindow.maximize(RemoteWebDriver.java:837)
at com.mindtree.PageObjects.LoginPage.loginHover(LoginPage.java:30)
at com.mindtree.TestCases.TC_LoginPage.loginpage(TC_LoginPage.java:15)
at java.base/jdk.internal.reflect.NativeMethodAccessorImpl.invoke0(Native Method)
at java.base/jdk.internal.reflect.NativeMethodAccessorImpl.invoke(NativeMethodAccessorImpl.java:62)
at java.base/jdk.internal.reflect.DelegatingMethodAccessorImpl.invoke(DelegatingMethodAccessorImpl.java:43)
at java.base/java.lang.reflect.Method.invoke(Method.java:566)
at org.testng.internal.MethodInvocationHelper.invokeMethod(MethodInvocationHelper.java:133)
at org.testng.internal.TestInvoker.invokeMethod(TestInvoker.java:598)
at org.testng.internal.TestInvoker.invokeTestMethod(TestInvoker.java:173)
at org.testng.internal.MethodRunner.runInSequence(MethodRunner.java:46)
at org.testng.internal.TestInvoker$MethodInvocationAgent.invoke(TestInvoker.java:824)
at org.testng.internal.TestInvoker.invokeTestMethods(TestInvoker.java:146)
at org.testng.internal.TestMethodWorker.invokeTestMethods(TestMethodWorker.java:146)
at org.testng.internal.TestMethodWorker.run(TestMethodWorker.java:128)
at java.base/java.util.ArrayList.forEach(ArrayList.java:1541)
at org.testng.TestRunner.privateRun(TestRunner.java:794)
at org.testng.TestRunner.run(TestRunner.java:596)
at org.testng.SuiteRunner.runTest(SuiteRunner.java:377)
at org.testng.SuiteRunner.runSequentially(SuiteRunner.java:371)
at org.testng.SuiteRunner.privateRun(SuiteRunner.java:332)
at org.testng.SuiteRunner.run(SuiteRunner.java:276)
at org.testng.SuiteRunnerWorker.runSuite(SuiteRunnerWorker.java:53)
at org.testng.SuiteRunnerWorker.run(SuiteRunnerWorker.java:96)
at org.testng.TestNG.runSuitesSequentially(TestNG.java:1212)
at org.testng.TestNG.runSuitesLocally(TestNG.java:1134)
at org.testng.TestNG.runSuites(TestNG.java:1063)
at org.testng.TestNG.run(TestNG.java:1031)
at org.testng.remote.AbstractRemoteTestNG.run(AbstractRemoteTestNG.java:115)
at org.testng.remote.RemoteTestNG.initAndRun(RemoteTestNG.java:251)
at org.testng.remote.RemoteTestNG.main(RemoteTestNG.java:77)
]]>
            </full-stacktrace>
          </exception> <!-- org.openqa.selenium.NoSuchWindowException -->
          <reporter-output>
          </reporter-output>
        </test-method> <!-- loginpage -->
        <test-method is-config="true" signature="tearDown()[pri:0, instance:com.mindtree.TestCases.TC_LoginPage@6bd61f98]" started-at="2022-06-02T14:13:00 IST" name="tearDown" finished-at="2022-06-02T14:13:01 IST" duration-ms="1148" status="PASS">
          <reporter-output>
          </reporter-output>
        </test-method> <!-- tearDown -->
      </class> <!-- com.mindtree.TestCases.TC_LoginPage -->
      <class name="com.mindtree.TestCases.TC_SelectMattresses">
        <test-method is-config="true" signature="setup(java.lang.String)[pri:0, instance:com.mindtree.TestCases.TC_SelectMattresses@48aca48b]" started-at="2022-06-02T14:13:01 IST" name="setup" finished-at="2022-06-02T14:13:11 IST" duration-ms="10149" status="PASS">
          <params>
            <param index="0">
              <value>
                <![CDATA[chrome]]>
              </value>
            </param>
          </params>
          <reporter-output>
          </reporter-output>
        </test-method> <!-- setup -->
        <test-method signature="selectmattresses()[pri:0, instance:com.mindtree.TestCases.TC_SelectMattresses@48aca48b]" started-at="2022-06-02T14:13:11 IST" name="selectmattresses" finished-at="2022-06-02T14:13:25 IST" duration-ms="14141" status="PASS">
          <reporter-output>
          </reporter-output>
        </test-method> <!-- selectmattresses -->
        <test-method is-config="true" signature="tearDown()[pri:0, instance:com.mindtree.TestCases.TC_SelectMattresses@48aca48b]" started-at="2022-06-02T14:13:25 IST" name="tearDown" finished-at="2022-06-02T14:13:26 IST" duration-ms="810" status="PASS">
          <reporter-output>
          </reporter-output>
        </test-method> <!-- tearDown -->
      </class> <!-- com.mindtree.TestCases.TC_SelectMattresses -->
      <class name="com.mindtree.TestCases.TC_GoStores">
        <test-method is-config="true" signature="setup(java.lang.String)[pri:0, instance:com.mindtree.TestCases.TC_GoStores@b9b00e0]" started-at="2022-06-02T14:13:40 IST" name="setup" finished-at="2022-06-02T14:13:48 IST" duration-ms="7883" status="PASS">
          <params>
            <param index="0">
              <value>
                <![CDATA[chrome]]>
              </value>
            </param>
          </params>
          <reporter-output>
          </reporter-output>
        </test-method> <!-- setup -->
        <test-method signature="stores()[pri:0, instance:com.mindtree.TestCases.TC_GoStores@b9b00e0]" started-at="2022-06-02T14:13:48 IST" name="stores" finished-at="2022-06-02T14:14:01 IST" duration-ms="13193" status="PASS">
          <reporter-output>
          </reporter-output>
        </test-method> <!-- stores -->
        <test-method is-config="true" signature="tearDown()[pri:0, instance:com.mindtree.TestCases.TC_GoStores@b9b00e0]" started-at="2022-06-02T14:14:01 IST" name="tearDown" finished-at="2022-06-02T14:14:02 IST" duration-ms="938" status="PASS">
          <reporter-output>
          </reporter-output>
        </test-method> <!-- tearDown -->
      </class> <!-- com.mindtree.TestCases.TC_GoStores -->
      <class name="com.mindtree.TestCases.TC_SelectForCouples">
        <test-method is-config="true" signature="setup(java.lang.String)[pri:0, instance:com.mindtree.TestCases.TC_SelectForCouples@7d4f9aae]" started-at="2022-06-02T14:14:14 IST" name="setup" finished-at="2022-06-02T14:14:20 IST" duration-ms="6396" status="PASS">
          <params>
            <param index="0">
              <value>
                <![CDATA[chrome]]>
              </value>
            </param>
          </params>
          <reporter-output>
          </reporter-output>
        </test-method> <!-- setup -->
        <test-method signature="selectforcouples()[pri:0, instance:com.mindtree.TestCases.TC_SelectForCouples@7d4f9aae]" started-at="2022-06-02T14:14:20 IST" name="selectforcouples" finished-at="2022-06-02T14:14:24 IST" duration-ms="3531" status="PASS">
          <reporter-output>
          </reporter-output>
        </test-method> <!-- selectforcouples -->
        <test-method is-config="true" signature="tearDown()[pri:0, instance:com.mindtree.TestCases.TC_SelectForCouples@7d4f9aae]" started-at="2022-06-02T14:14:24 IST" name="tearDown" finished-at="2022-06-02T14:14:24 IST" duration-ms="880" status="PASS">
          <reporter-output>
          </reporter-output>
        </test-method> <!-- tearDown -->
      </class> <!-- com.mindtree.TestCases.TC_SelectForCouples -->
    </test> <!-- HomePage Test -->
  </suite> <!-- HybridFramework -->
</testng-results>
